<?xml version="1.0" encoding="UTF-8"?>
<!-- Generated by org.testng.reporters.JUnitReportReporter -->
<testsuite hostname="Dual" name="testCases.HybridExecuteTest" tests="1" failures="0" timestamp="15 Feb 2016 06:52:23 GMT" time="6.494" errors="0">
  <testcase name="setData" time="6.494" classname="testCases.HybridExecuteTest"/>
</testsuite> <!-- testCases.HybridExecuteTest -->
